<?xml version="1.0" encoding="UTF-8"?>
<testsuite name="ke.ac.mku.authcore.manager.CookieSynchronizationManagerTest" tests="2" skipped="0" failures="0" errors="0" timestamp="2026-07-19T20:05:48.053Z" hostname="kali" time="3.381">
  <properties/>
  <testcase name="test detectConflicts finds inconsistencies" classname="ke.ac.mku.authcore.manager.CookieSynchronizationManagerTest" time="3.278"/>
  <testcase name="test synchronizeCookies uses CookieManager as authoritative source" classname="ke.ac.mku.authcore.manager.CookieSynchronizationManagerTest" time="0.08"/>
  <system-out><![CDATA[]]></system-out>
  <system-err><![CDATA[WARNING: A Java agent has been loaded dynamically (/home/darkage/.gradle/caches/9.5.0/transforms/9b9d2e45c13489f3bc4b9a5149341176/transformed/jetified-byte-buddy-agent-1.14.11.jar)
WARNING: If a serviceability tool is in use, please run with -XX:+EnableDynamicAgentLoading to hide this warning
WARNING: If a serviceability tool is not in use, please run with -Djdk.instrument.traceUsage for more information
WARNING: Dynamic loading of agents will be disallowed by default in a future release
]]></system-err>
</testsuite>
